  imgui.cpp
  imgui_demo.cpp
  imgui_draw.cpp
  imgui_impl_glfw.cpp
d:\cg-project\myopengl\myopengl\imgui\imgui_impl_glfw.cpp(38): fatal error C1083: 无法打开包括文件: “GLFW/glfw3.h”: No such file or directory
  imgui_impl_opengl3.cpp
d:\cg-project\myopengl\myopengl\imgui\imgui_impl_opengl3.cpp(96): fatal error C1083: 无法打开包括文件: “glad/glad.h”: No such file or directory
  imgui_widgets.cpp
  cube.cpp
d:\cg-project\myopengl\myopengl\myopengl\src\create_window\createwindow.hpp(4): warning C4067: 预处理器指令后有意外标记 - 应输入换行符
d:\cg-project\myopengl\myopengl\myopengl\src\headers.h(1): fatal error C1083: 无法打开包括文件: “glad/glad.h”: No such file or directory
  Camera.cpp
d:\cg-project\myopengl\myopengl\myopengl\src\camera\camera.h(4): fatal error C1083: 无法打开包括文件: “glm/glm.hpp”: No such file or directory
  CreateWindow.cpp
d:\cg-project\myopengl\myopengl\myopengl\src\create_window\createwindow.hpp(4): warning C4067: 预处理器指令后有意外标记 - 应输入换行符
d:\cg-project\myopengl\myopengl\myopengl\src\headers.h(1): fatal error C1083: 无法打开包括文件: “glad/glad.h”: No such file or directory
  LineDrawer.cpp
d:\cg-project\myopengl\myopengl\myopengl\src\create_window\createwindow.hpp(4): warning C4067: 预处理器指令后有意外标记 - 应输入换行符
d:\cg-project\myopengl\myopengl\myopengl\src\headers.h(1): fatal error C1083: 无法打开包括文件: “glad/glad.h”: No such file or directory
  main.cpp
d:\cg-project\myopengl\myopengl\myopengl\src\create_window\createwindow.hpp(4): warning C4067: 预处理器指令后有意外标记 - 应输入换行符
d:\cg-project\myopengl\myopengl\myopengl\src\headers.h(1): fatal error C1083: 无法打开包括文件: “glad/glad.h”: No such file or directory
  projection_cube.cpp
d:\cg-project\myopengl\myopengl\myopengl\src\create_window\createwindow.hpp(4): warning C4067: 预处理器指令后有意外标记 - 应输入换行符
d:\cg-project\myopengl\myopengl\myopengl\src\headers.h(1): fatal error C1083: 无法打开包括文件: “glad/glad.h”: No such file or directory
  Solar.cpp
d:\cg-project\myopengl\myopengl\myopengl\src\create_window\createwindow.hpp(4): warning C4067: 预处理器指令后有意外标记 - 应输入换行符
d:\cg-project\myopengl\myopengl\myopengl\src\headers.h(1): fatal error C1083: 无法打开包括文件: “glad/glad.h”: No such file or directory
  正在生成代码...
